
Forwarded port:same as remote port
Remote server: sh-07-21
Remote port: 8977
SSH server: login.sherlock.stanford.edu
SSH login: zenkavi
SSH port: 22

To run notebooks on browser follow the steps below:

Use this command create your ssh tunnel through terminal:
ssh -N -L 8977:sh-07-21:8977 zenkavi@login.sherlock.stanford.edu

Use a Browser on your local machine to go to:
localhost:8977  (prefix w/ https:// if using password)

Enter string following '?token=' in the URL below when prompted for password

To log out of the session but keep the job running use 'Logout'

To shut down Jupyter and end the batch job use 'Quit'

Don't forget to close your ssh tunnel on Terminal when done.

Enabling notebook extension codefolding/main...
      - Validating: [32mOK[0m
Enabling notebook extension toc2/main...
      - Validating: [32mOK[0m
Enabling notebook extension hide_input_all/main...
      - Validating: [32mOK[0m
[I 10:17:18.752 NotebookApp] [jupyter_nbextensions_configurator] enabled 0.4.1
[I 10:17:18.753 NotebookApp] Serving notebooks from local directory: /oak/stanford/groups/russpold/users/zenkavi/DevStudy_fmri-nbs
[I 10:17:18.753 NotebookApp] The Jupyter Notebook is running at:
[I 10:17:18.753 NotebookApp] http://sh-07-21:8977/?token=0e04ebfbb6cd896594bb04854c5c7e8bb0ce28c54fcd7dc4
[I 10:17:18.753 NotebookApp] Use Control-C to stop this server and shut down all kernels (twice to skip confirmation).
[C 10:17:18.767 NotebookApp] 
    
    Copy/paste this URL into your browser when you connect for the first time,
    to login with a token:
        http://sh-07-21:8977/?token=0e04ebfbb6cd896594bb04854c5c7e8bb0ce28c54fcd7dc4
[I 10:18:09.214 NotebookApp] 302 GET / (10.10.0.68) 0.77ms
[I 10:18:09.227 NotebookApp] 302 GET /tree? (10.10.0.68) 1.67ms
[I 10:18:20.734 NotebookApp] 302 POST /login?next=%2Ftree%3F (10.10.0.68) 2.10ms
